setting 'ivy.default.settings.dir' to 'jar:file:/C:/data/dev/sbt/sbt-launch-0.7.5.jar!/org/apache/ivy/core/settings'
setting 'ivy.basedir' to 'C:\data\dev\intellij\hammburabi\.'
setting 'ivy.default.conf.dir' to 'jar:file:/C:/data/dev/sbt/sbt-launch-0.7.5.jar!/org/apache/ivy/core/settings'
impossible to define new type: class not found: org.apache.ivy.plugins.version.PatternVersionMatcher in [] nor Ivy classloader
impossible to define new type: class not found: org.apache.ivy.plugins.trigger.LogTrigger in [] nor Ivy classloader
impossible to define new type: class not found: org.apache.ivy.plugins.resolver.VsftpResolver in [] nor Ivy classloader
impossible to define new type: class not found: org.apache.ivy.plugins.conflict.RegexpConflictManager in [] nor Ivy classloader
impossible to define new type: class not found: org.apache.ivy.plugins.resolver.SshResolver in [] nor Ivy classloader
impossible to define new type: class not found: org.apache.ivy.plugins.resolver.VfsResolver in [] nor Ivy classloader
impossible to define new type: class not found: org.apache.ivy.plugins.signer.bouncycastle.OpenPGPSignatureGenerator in [] nor Ivy classloader
impossible to define new type: class not found: org.apache.ivy.plugins.resolver.SFTPResolver in [] nor Ivy classloader
impossible to define new type: class not found: org.apache.ivy.plugins.resolver.packager.PackagerResolver in [] nor Ivy classloader
impossible to define new type: class not found: org.apache.ivy.ant.AntCallTrigger in [] nor Ivy classloader
impossible to define new type: class not found: org.apache.ivy.plugins.resolver.IvyRepResolver in [] nor Ivy classloader
impossible to define new type: class not found: org.apache.ivy.ant.AntBuildTrigger in [] nor Ivy classloader
impossible to define glob matcher: org.apache.ivy.plugins.matcher.GlobPatternMatcher was not found.
setting 'java.runtime.name' to 'Java(TM) SE Runtime Environment'
setting 'sun.boot.library.path' to 'C:\data\dev\java\jre\bin'
setting 'java.vm.version' to '16.3-b01'
setting 'java.vm.vendor' to 'Sun Microsystems Inc.'
setting 'java.vendor.url' to 'http://java.sun.com/'
setting 'path.separator' to ';'
setting 'java.vm.name' to 'Java HotSpot(TM) Client VM'
setting 'file.encoding.pkg' to 'sun.io'
setting 'sun.java.launcher' to 'SUN_STANDARD'
setting 'user.country' to 'IT'
setting 'sun.os.patch.level' to 'Service Pack 1'
setting 'java.vm.specification.name' to 'Java Virtual Machine Specification'
setting 'user.dir' to 'C:\data\dev\intellij\hammburabi'
setting 'java.runtime.version' to '1.6.0_20-b02'
setting 'java.awt.graphicsenv' to 'sun.awt.Win32GraphicsEnvironment'
setting 'java.endorsed.dirs' to 'C:\data\dev\java\jre\lib\endorsed'
setting 'os.arch' to 'x86'
setting 'java.io.tmpdir' to 'C:\Users\Mario\'
setting 'line.separator' to '
'
setting 'java.vm.specification.vendor' to 'Sun Microsystems Inc.'
setting 'user.variant' to ''
setting 'os.name' to 'Windows 7'
setting 'sun.jnu.encoding' to 'Cp1252'
setting 'java.library.path' to 'C:\data\dev\java\bin;.;C:\Windows\Sun\Java\bin;C:\Windows\system32;C:\Windows;C:\cygwin\usr\local\bin;C:\cygwin\bin;C:\cygwin\bin;C:\Program Files\Common Files\Microsoft Shared\Windows Live;C:\Program Files (x86)\Common Files\Microsoft Shared\Windows Live;C:\data\dev\java\bin;C:\data\dev\sbt;C:\data\dev\apache-maven-2.2.1\bin;C:\Users\Mario\.m2\repository;C:\data\dev\typesafe-stack\bin;C:\Program Files (x86)\Git\bin;C:\data\dev\play-1.2;C:\data\dev\mongodb-win32-x86_64-1.6.5\bin;C:\data\dev\sbt;C:\Windows\system32;C:\Windows;C:\Windows\System32\Wbem;C:\Windows\System32\WindowsPowerShell\v1.0\;C:\Program Files\WIDCOMM\Bluetooth Software\;C:\Program Files\WIDCOMM\Bluetooth Software\syswow64;C:\Program Files (x86)\Common Files\Roxio Shared\10.0\DLLShared\;C:\Program Files (x86)\Common Files\Roxio Shared\DLLShared\;C:\Program Files (x86)\Git\cmd;C:\Program Files\Intel\WiFi\bin\;C:\Program Files\Common Files\Intel\WirelessCommon\;C:\Program Files (x86)\Windows Live\Shared;C:\Program Files (x86)\OpenVPN\bin'
setting 'java.specification.name' to 'Java Platform API Specification'
setting 'java.class.version' to '50.0'
setting 'sun.management.compiler' to 'HotSpot Client Compiler'
setting 'os.version' to '6.1'
setting 'user.home' to 'C:\Users\Mario'
setting 'user.timezone' to 'Europe/Berlin'
setting 'java.awt.printerjob' to 'sun.awt.windows.WPrinterJob'
setting 'file.encoding' to 'Cp1252'
setting 'java.specification.version' to '1.6'
setting 'java.class.path' to 'C:\data\dev\sbt\sbt-launch-0.7.5.jar'
setting 'user.name' to 'Mario'
setting 'java.vm.specification.version' to '1.0'
setting 'java.home' to 'C:\data\dev\java\jre'
setting 'sun.arch.data.model' to '32'
setting 'user.language' to 'it'
setting 'java.specification.vendor' to 'Sun Microsystems Inc.'
setting 'awt.toolkit' to 'sun.awt.windows.WToolkit'
setting 'java.vm.info' to 'mixed mode, sharing'
setting 'java.version' to '1.6.0_20'
setting 'java.ext.dirs' to 'C:\data\dev\java\jre\lib\ext;C:\Windows\Sun\Java\lib\ext'
setting 'sun.boot.class.path' to 'C:\data\dev\java\jre\lib\resources.jar;C:\data\dev\java\jre\lib\rt.jar;C:\data\dev\java\jre\lib\sunrsasign.jar;C:\data\dev\java\jre\lib\jsse.jar;C:\data\dev\java\jre\lib\jce.jar;C:\data\dev\java\jre\lib\charsets.jar;C:\data\dev\java\jre\classes'
setting 'java.vendor' to 'Sun Microsystems Inc.'
setting 'file.separator' to '\'
setting 'java.vendor.url.bug' to 'http://java.sun.com/cgi-bin/bugreport.cgi'
setting 'sun.io.unicode.encoding' to 'UnicodeLittle'
setting 'sun.cpu.endian' to 'little'
setting 'sun.desktop' to 'windows'
setting 'sun.cpu.isalist' to 'pentium_pro+mmx pentium_pro pentium+mmx pentium i486 i386 i86'
setting 'ivy.default.ivy.user.dir' to 'C:\Users\Mario\.ivy2'
setting 'ivy.home' to 'C:\Users\Mario\.ivy2'
no default ivy user dir defined: set to C:\Users\Mario\.ivy2
setting 'ivy.cache.dir' to 'C:\Users\Mario\.ivy2\cache'
no default cache defined: set to C:\Users\Mario\.ivy2\cache
setting 'ivy.basedir' to 'C:\data\dev\intellij\hammburabi\project\boot'
setting 'basedir' to 'C:\data\dev\intellij\hammburabi\project\boot'
setting 'scala' to '2.9.0-1'
:: resolving dependencies :: org.scala-tools.sbt#boot-scala;1.0
	confs: [default]
	validate = true
	refresh = false
resolving dependencies for configuration 'default'
== resolving dependencies for org.scala-tools.sbt#boot-scala;1.0 [default]
loadData of org.scala-tools.sbt#boot-scala;1.0 of rootConf=default
== resolving dependencies org.scala-tools.sbt#boot-scala;1.0->org.scala-lang#scala-compiler;2.9.0-1 [default->default]
loadData of org.scala-lang#scala-compiler;2.9.0-1 of rootConf=default
	using redefined-public to resolve org.scala-lang#scala-compiler;2.9.0-1
redefined-public: Checking cache for: dependency: org.scala-lang#scala-compiler;2.9.0-1 {default=[default]}
redefined-public: no namespace defined: using system
No entry is found in the ModuleDescriptorCache : C:\Users\Mario\.ivy2\cache\org.scala-lang\scala-compiler\ivy-2.9.0-1.xml
post 1.3 ivy file: using exact as default matcher
	found ivy file in cache for org.scala-lang#scala-compiler;2.9.0-1 (resolved by Maven Central): C:\Users\Mario\.ivy2\cache\org.scala-lang\scala-compiler\ivy-2.9.0-1.xml
redefined-public: module revision found in cache: org.scala-lang#scala-compiler;2.9.0-1
redefined-public: no latest strategy defined: using default
	found org.scala-lang#scala-compiler;2.9.0-1 in Maven Central
== resolving dependencies org.scala-tools.sbt#boot-scala;1.0->org.scala-lang#scala-compiler;2.9.0-1 [default->runtime]
loadData of org.scala-lang#scala-compiler;2.9.0-1 of rootConf=default
== resolving dependencies org.scala-tools.sbt#boot-scala;1.0->org.scala-lang#scala-compiler;2.9.0-1 [default->compile]
loadData of org.scala-lang#scala-compiler;2.9.0-1 of rootConf=default
== resolving dependencies org.scala-lang#scala-compiler;2.9.0-1->org.scala-lang#scala-library;2.9.0-1 [compile->master(*)]
loadData of org.scala-lang#scala-library;2.9.0-1 of rootConf=default
	using redefined-public to resolve org.scala-lang#scala-library;2.9.0-1
redefined-public: Checking cache for: dependency: org.scala-lang#scala-library;2.9.0-1 {compile=[compile(*), master(*)], runtime=[runtime(*)]}
No entry is found in the ModuleDescriptorCache : C:\Users\Mario\.ivy2\cache\org.scala-lang\scala-library\ivy-2.9.0-1.xml
post 1.3 ivy file: using exact as default matcher
	found ivy file in cache for org.scala-lang#scala-library;2.9.0-1 (resolved by Maven Central): C:\Users\Mario\.ivy2\cache\org.scala-lang\scala-library\ivy-2.9.0-1.xml
redefined-public: module revision found in cache: org.scala-lang#scala-library;2.9.0-1
	found org.scala-lang#scala-library;2.9.0-1 in Maven Central
== resolving dependencies org.scala-lang#scala-compiler;2.9.0-1->org.scala-lang#scala-library;2.9.0-1 [compile->compile(*)]
loadData of org.scala-lang#scala-library;2.9.0-1 of rootConf=default
== resolving dependencies org.scala-lang#scala-compiler;2.9.0-1->org.scala-lang#scala-library;2.9.0-1 [compile->default]
loadData of org.scala-lang#scala-library;2.9.0-1 of rootConf=default
== resolving dependencies org.scala-lang#scala-compiler;2.9.0-1->org.scala-lang#scala-library;2.9.0-1 [compile->runtime]
loadData of org.scala-lang#scala-library;2.9.0-1 of rootConf=default
== resolving dependencies org.scala-lang#scala-compiler;2.9.0-1->org.scala-lang#scala-library;2.9.0-1 [compile->compile]
loadData of org.scala-lang#scala-library;2.9.0-1 of rootConf=default
== resolving dependencies org.scala-lang#scala-compiler;2.9.0-1->org.scala-lang#scala-library;2.9.0-1 [compile->master]
loadData of org.scala-lang#scala-library;2.9.0-1 of rootConf=default
== resolving dependencies org.scala-lang#scala-compiler;2.9.0-1->org.scala-lang#scala-library;2.9.0-1 [runtime->runtime(*)]
loadData of org.scala-lang#scala-library;2.9.0-1 of rootConf=default
== resolving dependencies org.scala-lang#scala-compiler;2.9.0-1->org.scala-lang#scala-library;2.9.0-1 [runtime->compile]
loadData of org.scala-lang#scala-library;2.9.0-1 of rootConf=default
default is loaded and no conf to load.  Skip loading
== resolving dependencies org.scala-tools.sbt#boot-scala;1.0->org.scala-lang#scala-compiler;2.9.0-1 [default->master]
loadData of org.scala-lang#scala-compiler;2.9.0-1 of rootConf=default
== resolving dependencies org.scala-tools.sbt#boot-scala;1.0->org.scala-lang#scala-library;2.9.0-1 [default->default]
loadData of org.scala-lang#scala-library;2.9.0-1 of rootConf=default
default is loaded and no conf to load.  Skip loading
== resolving dependencies org.scala-tools.sbt#boot-scala;1.0->org.scala-lang#scala-library;2.9.0-1 [default->runtime]
loadData of org.scala-lang#scala-library;2.9.0-1 of rootConf=default
default is loaded and no conf to load.  Skip loading
== resolving dependencies org.scala-tools.sbt#boot-scala;1.0->org.scala-lang#scala-library;2.9.0-1 [default->compile]
loadData of org.scala-lang#scala-library;2.9.0-1 of rootConf=default
default is loaded and no conf to load.  Skip loading
== resolving dependencies org.scala-tools.sbt#boot-scala;1.0->org.scala-lang#scala-library;2.9.0-1 [default->master]
loadData of org.scala-lang#scala-library;2.9.0-1 of rootConf=default
default is loaded and no conf to load.  Skip loading
Nbr of module to sort : 2
Sort dependencies of : org.scala-lang#scala-compiler;2.9.0-1 / Number of dependencies = 2
Sort dependencies of : org.scala-lang#scala-library;2.9.0-1 / Number of dependencies = 0
Sort done for : org.scala-lang#scala-library;2.9.0-1
Sort done for : org.scala-lang#scala-compiler;2.9.0-1
Module descriptor is processed : org.scala-lang#scala-library;2.9.0-1
	resolved ivy file produced in C:\Users\Mario\.ivy2\cache\resolved-org.scala-tools.sbt-boot-scala-1.0.xml
:: downloading artifacts ::
	[NOT REQUIRED] org.scala-lang#scala-compiler;2.9.0-1!scala-compiler.jar
	[NOT REQUIRED] org.scala-lang#scala-library;2.9.0-1!scala-library.jar
:: resolution report :: resolve 683ms :: artifacts dl 10ms
Nbr of module to sort : 2
Sort dependencies of : org.scala-lang#scala-compiler;2.9.0-1 / Number of dependencies = 2
Sort dependencies of : org.scala-lang#scala-library;2.9.0-1 / Number of dependencies = 0
Sort done for : org.scala-lang#scala-library;2.9.0-1
Sort done for : org.scala-lang#scala-compiler;2.9.0-1
Module descriptor is processed : org.scala-lang#scala-library;2.9.0-1
	report for org.scala-tools.sbt#boot-scala;1.0 default produced in C:\Users\Mario\.ivy2\cache\org.scala-tools.sbt-boot-scala-default.xml
	resolve done (683ms resolve - 10ms download)
:: retrieving :: org.scala-tools.sbt#boot-scala
	checkUpToDate=true
no explicit confs given for retrieve, using ivy file: C:\Users\Mario\.ivy2\cache\resolved-org.scala-tools.sbt-boot-scala-1.0.xml
using ivy parser to parse C:\Users\Mario\.ivy2\cache\resolved-org.scala-tools.sbt-boot-scala-1.0.xml
post 1.3 ivy file: using exact as default matcher
	confs: [default]
	retrieving C:\Users\Mario\.ivy2\cache\org.scala-lang\scala-library\jars\scala-library-2.9.0-1.jar
		to C:\data\dev\intellij\hammburabi\project\boot\scala-2.9.0-1\lib\scala-library.jar
	retrieving C:\Users\Mario\.ivy2\cache\org.scala-lang\scala-compiler\jars\scala-compiler-2.9.0-1.jar
		to C:\data\dev\intellij\hammburabi\project\boot\scala-2.9.0-1\lib\scala-compiler.jar
	2 artifacts copied, 0 already retrieved (20188kB/448ms)
	retrieve done (448ms)
